<?xml version="1.0" encoding="UTF-8"?>
<testng-results skipped="0" failed="0" ignored="3" total="6" passed="3">
  <reporter-output>
  </reporter-output>
  <suite name="Suitebkjh" duration-ms="43" started-at="2017-08-31T07:04:14Z" finished-at="2017-08-31T07:04:14Z">
    <groups>
      <group name="tct">
        <method signature="Testng1.f()[pri:0, instance:TestNG.Testng1@77caeb3e]" name="f" class="TestNG.Testng1"/>
        <method signature="Testng1.f2()[pri:0, instance:TestNG.Testng1@77caeb3e]" name="f2" class="TestNG.Testng1"/>
        <method signature="Testng2.f2()[pri:0, instance:TestNG.Testng2@66a3ffec]" name="f2" class="TestNG.Testng2"/>
      </group> <!-- tct -->
      <group name="trar">
        <method signature="Testng1.f2()[pri:0, instance:TestNG.Testng1@77caeb3e]" name="f2" class="TestNG.Testng1"/>
      </group> <!-- trar -->
    </groups>
    <test name="Testnlhjh" duration-ms="43" started-at="2017-08-31T07:04:14Z" finished-at="2017-08-31T07:04:14Z">
      <class name="TestNG.Testng2">
        <test-method status="PASS" signature="beforeMethod()[pri:0, instance:TestNG.Testng2@66a3ffec]" name="beforeMethod" is-config="true" duration-ms="5" started-at="2017-08-31T12:34:14Z" finished-at="2017-08-31T12:34:14Z">
          <reporter-output>
          </reporter-output>
        </test-method> <!-- beforeMethod -->
        <test-method status="PASS" signature="f2()[pri:0, instance:TestNG.Testng2@66a3ffec]" name="f2" duration-ms="7" started-at="2017-08-31T12:34:14Z" finished-at="2017-08-31T12:34:14Z">
          <reporter-output>
          </reporter-output>
        </test-method> <!-- f2 -->
      </class> <!-- TestNG.Testng2 -->
      <class name="TestNG.Testng1">
        <test-method status="PASS" signature="beforeClass()[pri:0, instance:TestNG.Testng1@77caeb3e]" name="beforeClass" is-config="true" duration-ms="1" started-at="2017-08-31T12:34:14Z" finished-at="2017-08-31T12:34:14Z">
          <reporter-output>
          </reporter-output>
        </test-method> <!-- beforeClass -->
        <test-method status="PASS" signature="f()[pri:0, instance:TestNG.Testng1@77caeb3e]" name="f" duration-ms="2" started-at="2017-08-31T12:34:14Z" finished-at="2017-08-31T12:34:14Z">
          <reporter-output>
          </reporter-output>
        </test-method> <!-- f -->
        <test-method status="PASS" signature="f2()[pri:0, instance:TestNG.Testng1@77caeb3e]" name="f2" duration-ms="1" started-at="2017-08-31T12:34:14Z" finished-at="2017-08-31T12:34:14Z">
          <reporter-output>
          </reporter-output>
        </test-method> <!-- f2 -->
      </class> <!-- TestNG.Testng1 -->
    </test> <!-- Testnlhjh -->
  </suite> <!-- Suitebkjh -->
</testng-results>
