<?xml version="1.0" encoding="UTF-8"?>
<!-- Generated by org.testng.reporters.JUnitXMLReporter -->
<testsuite hostname="DESKTOP-CN6P0NA" ignored="3" name="Testnlhjh" tests="3" failures="0" timestamp="31 Aug 2017 07:04:14 GMT" time="0.043" errors="0">
  <testcase name="f2" time="0.007" classname="TestNG.Testng2"/>
  <testcase name="f" time="0.002" classname="TestNG.Testng1"/>
  <testcase name="f2" time="0.001" classname="TestNG.Testng1"/>
  <testcase name="f" time="0.0" classname="TestNG.Testng2">
    <ignored/>
  </testcase> <!-- f -->
  <testcase name="f1" time="0.0" classname="TestNG.Testng2">
    <ignored/>
  </testcase> <!-- f1 -->
  <testcase name="f1" time="0.0" classname="TestNG.Testng1">
    <ignored/>
  </testcase> <!-- f1 -->
</testsuite> <!-- Testnlhjh -->
